commit bfe4ea1ce70122bedcc1b669ff00d3b9b411d1cd
Author: miguel del valle <delvalle@cs.utexas.edu>
Date:   Wed Sep 11 18:01:04 2013 -0500

    Added tests to TestCollatz.c++

commit 247e598589498c0f8bf4f2d727bca5cfdbba74ef
Author: miguel del valle <delvalle@cs.utexas.edu>
Date:   Wed Sep 11 17:11:34 2013 -0500

    Sphere accepted solutions to both the required and the extra credit, with cache

commit 755941f49b4bc4cbf2cc602088db08f83fa88b45
Author: miguel del valle <delvalle@cs.utexas.edu>
Date:   Wed Sep 11 15:26:01 2013 -0500

    Testing cache

commit 34a53810a4ab7e2887b9ba763d87c022d65f51bd
Author: miguel del valle <delvalle@cs.utexas.edu>
Date:   Wed Sep 11 11:07:20 2013 -0500

    Created the 1000 lines of acceptance tests

commit 78efaf3071203de27577d1a0ec74f10ae1026bc6
Author: miguel del valle <delvalle@cs.utexas.edu>
Date:   Tue Sep 10 22:15:24 2013 -0500

    This includes the first accepted Sphere solution

commit 2b9778be3025986cc795e2b55841383b709288af
Author: miguel del valle <delvalle@cs.utexas.edu>
Date:   Tue Sep 10 20:29:00 2013 -0500

    Modified SphereCollatz.c++ for first sphere testing

commit 1ce0b73742686e2534ee9be069c2e300a6934fd6
Author: miguel del valle <delvalle@cs.utexas.edu>
Date:   Mon Sep 9 15:39:02 2013 -0500

    Skeleton code for sphere

commit d9da2634c3b93e671695b71d7e685c80d5c0194a
Author: miguel del valle <delvalle@cs.utexas.edu>
Date:   Mon Sep 9 15:12:56 2013 -0500

    Initial commit for collatz

commit a06ab100be7adf5c1b8db9b2028af8b779de1ab7
Author: Miguel Del Valle <Mdelvalle@live.com>
Date:   Sun Sep 8 22:24:53 2013 -0700

    Initial commit
