3251 372559 443
3 3 8
466788 71597 449
492635 618847 470
758036 987754 525
803426 557212 468
840316 747670 525
803192 413349 470
54485 98054 351
551945 454552 470
675021 137363 470
16767 216333 383
733691 712234 411
777326 84956 470
354580 283241 441
490786 525285 470
34786 659442 470
342942 166224 443
614854 280600 470
738012 896828 525
828525 835864 419
255048 612056 470
271173 348523 441
585301 339672 470
525369 79240 470
332576 419153 449
684258 57724 470
444840 273386 449
971241 880710 476
74439 879821 525
486736 859020 525
570927 898723 525
896387 867332 432
274057 754213 470
260372 278461 407
459999 46425 449
131939 403168 443
589267 302341 470
500921 472254 426
702816 228009 470
45707 511405 449
980391 97590 525
398981 157392 443
518699 133899 470
579928 345401 470
529764 212450 470
570536 762812 447
196706 899858 525
848904 134805 525
696003 651109 442
517016 114078 470
886130 706313 525
557715 898937 525
535803 354599 470
839726 523976 525
321448 362023 441
26971 129837 354
592896 3297 470
91148 366953 443
203269 819176 470
885779 301338 525
72566 572685 470
52002 443929 449
670283 622513 429
439717 461183 387
20416 884237 525
493601 844207 525
744612 234157 470
925824 817365 525
534535 371812 470
969236 224282 525
997759 109264 525
993208 649645 525
38206 962322 525
74478 372868 443
743488 998440 525
770764 713567 468
661771 693508 442
814641 130494 470
657487 907413 525
797641 751015 468
867720 396065 525
242766 271287 407
708255 813328 468
704323 133864 470
607175 462067 470
203264 880494 525
647100 329863 470
816381 377459 470
109915 669431 470
891141 779720 525
249745 839426 525
750592 476010 470
756979 358217 470
962118 979770 458
683509 882263 525
797980 610205 468
973285 739439 525
907310 37991 525
872504 482331 525
770329 612248 468
984130 552180 525
711146 805165 468
698292 539237 452
541087 145172 470
654638 776364 468
14129 289844 443
32717 587112 470
783147 85330 470
186101 31504 383
143007 402975 443
67664 835528 470
951273 661258 525
114714 914194 525
631712 329320 470
600118 464972 470
650098 674593 429
437573 315169 449
267237 455688 449
427361 61141 449
288631 748100 470
578034 121055 470
812996 836942 450
557916 244731 470
31414 771512 470
528623 2271 470
474357 835179 470
281265 190040 443
188491 466134 449
979118 335894 525
354110 678754 470
702301 56409 470
911611 598681 525
983327 545773 525
613788 437321 470
425885 79016 449
203580 581906 470
646113 505235 470
577166 766143 447
458069 339829 449
217209 888395 525
895619 231449 525
502475 539340 470
123601 908209 525
565841 560825 421
976629 994699 427
266052 594208 470
545683 526599 377
140629 786525 470
959040 180885 525
999008 569440 525
63151 667439 470
765758 769851 468
518970 994198 525
859371 413992 525
877439 941708 476
634781 871983 525
51389 962055 525
300984 178530 443
114335 158966 383
965673 250859 525
487603 393846 449
295335 598388 470
391119 448394 449
995966 627208 525
264043 197068 443
427664 352635 449
169701 320721 443
889441 243869 525
75395 884769 525
538773 285791 470
945277 304990 525
306504 55811 443
861744 267728 525
794790 484275 470
698721 808612 468
796719 51725 470
467991 532867 470
82973 809270 470
955603 498138 525
725582 92085 470
826496 228254 470
135669 152623 375
829027 715492 468
998059 260242 525
684830 715480 442
185076 725367 470
753100 902411 525
122763 639800 470
137013 649910 470
396823 371677 436
993192 890171 476
325089 76827 443
281897 542896 470
503205 69079 449
803561 897140 525
931683 623204 525
113997 492003 449
572920 944045 525
948294 970036 414
306601 192090 443
654178 467565 470
568928 330031 470
327499 784633 470
86835 452235 449
238724 70288 443
733980 555222 447
376731 649035 470
340287 457792 449
271844 416141 449
34382 693604 470
776026 545863 468
798008 883390 525
870087 635071 525
878142 244028 525
231431 492305 449
129339 98628 354
141273 992547 525
907243 364606 525
930866 857912 476
811654 21877 470
954417 360461 525
396693 979260 525
412291 761808 470
145595 761047 470
964906 766560 525
315792 925271 525
105209 440308 449
403670 481017 449
694659 260940 470
276945 828984 470
990807 536166 525
498728 399143 449
159173 8389 383
585198 595984 403
917059 284137 525
807303 741898 468
552738 812319 468
326150 242362 407
75178 572753 470
144185 414611 449
102748 333544 443
26041 34151 308
43993 661072 470
961116 594975 525
371492 611159 470
31750 452495 449
338461 713365 470
219911 34251 386
745454 862177 525
263055 581763 470
518765 308231 470
865496 203459 525
599797 157110 470
114489 369990 443
10990 592607 470
31297 447400 449
696023 295222 470
422429 886827 525
832539 148015 470
60470 371929 443
787802 28496 470
821773 85044 470
89466 364662 443
574500 246422 470
149457 157191 383
195024 996810 525
498419 99637 449
242505 579333 470
59263 27720 340
636515 489423 470
423770 873627 525
620025 230314 470
605231 830788 468
48572 124313 354
316761 821809 470
284235 434520 449
879170 255553 525
27104 546236 470
453113 560405 470
130852 760712 470
841540 683363 525
95604 624648 470
73220 845882 525
254158 55203 443
835707 51125 470
266037 179481 443
962769 26529 525
520063 908372 525
846761 112050 525
551452 30772 470
495561 751440 470
795605 334505 470
275280 701714 470
518643 587515 452
139803 578845 470
67413 769674 470
495380 658633 470
966815 657301 525
770606 904772 525
287076 962558 525
436440 136876 449
671983 976219 525
667642 331816 470
246664 724184 470
829102 58578 470
904907 203638 525
430804 264808 449
56037 391228 443
512884 534795 439
884762 900954 401
326504 598525 470
98892 966516 525
788582 737862 468
857351 39392 525
471689 996901 525
138686 401135 443
995939 830980 525
148856 366963 443
186954 65271 383
381259 230612 443
183154 532034 470
923337 633103 525
152025 49718 375
89920 278822 443
370872 137611 443
58526 217699 386
994774 887361 476
639012 778014 468
845992 18313 525
59981 341608 443
533316 510603 470
791941 853096 525
390047 445095 449
845708 365891 525
880157 646159 525
738259 440327 470
885129 31067 525
625247 776133 468
953432 749877 525
280055 81421 443
942594 601840 525
739364 128342 470
95866 294125 443
109602 76584 354
525652 587210 452
33199 135695 354
967987 760153 525
781089 701587 468
617475 299423 470
323400 719033 470
367427 624574 470
713700 880968 525
371241 157234 443
918355 456499 525
858590 772180 525
884365 428364 525
802934 387445 470
506369 71614 449
242833 580994 470
122480 681347 470
100062 366866 443
248099 527336 470
584827 768008 468
312774 503533 449
977655 307053 525
851216 743352 525
331287 610934 470
538109 12012 470
143328 865954 525
915861 147948 525
691595 558063 447
514239 545295 439
56491 326197 443
554416 340017 470
86556 764368 470
595794 707708 447
895800 545185 525
917787 159842 525
748594 956883 525
673010 588424 447
571097 949083 525
35853 55034 340
779589 100531 470
534919 197014 470
112556 339038 443
824276 92250 470
437047 641998 470
366894 123499 443
343992 216605 443
464669 963605 525
794593 186753 470
984802 13515 525
343965 176524 443
666158 283830 470
679103 623268 429
205255 444099 449
355360 100877 443
87986 599108 470
906698 518955 525
462294 944302 525
656099 41597 470
44480 677524 470
129690 840648 525
865806 25140 525
28089 120501 354
660356 169319 470
319173 534035 470
836981 906922 525
394495 912330 525
538502 100973 470
562879 54519 470
632319 108622 470
258127 321242 407
297765 861864 525
355320 50988 443
716832 277516 470
922587 734065 525
229236 503971 449
887357 652959 525
245091 990570 525
189096 320621 443
686125 214478 470
685710 506046 470
799459 228537 470
644416 666627 429
373338 544159 470
451239 38645 449
125766 40802 354
162539 285527 443
483664 797021 470
884109 693796 525
168601 489593 449
468590 483118 382
531748 493810 470
624139 6989 470
692171 614248 447
568414 576557 377
508477 951263 525
446824 268324 449
315087 110673 443
162916 345346 443
806831 546909 468
97207 998543 525
458483 215515 449
282428 135807 443
945934 938144 383
549978 347459 470
178947 826772 470
589438 166343 470
16043 338928 443
733959 301651 470
11888 554597 470
852781 568744 525
913199 160467 525
131107 414157 449
693220 186487 470
962098 508266 525
858642 653737 525
918487 219968 525
965812 232094 525
286964 151559 443
593689 377155 470
41005 727471 470
119522 112445 349
975998 947116 458
663688 373402 470
9812 97898 351
496730 964706 525
593593 595494 328
436341 520932 470
520376 961314 525
862860 841802 419
452299 533122 470
367772 184206 443
477043 367540 449
892814 514600 525
119508 943959 525
867982 870457 388
923672 496012 525
13754 500037 449
33638 307775 443
430290 847933 525
972222 199893 525
805704 579219 468
273649 279518 389
534418 597275 452
772156 884720 525
584632 576064 434
70390 108641 354
526012 715952 452
471808 236550 449
985029 827882 525
709033 158149 470
332823 595255 470
25111 227991 386
973610 373527 525
91717 630257 470
843522 228798 525
453896 757043 470
453624 216451 449
713443 226346 470
446028 625203 470
43399 234875 443
172829 874191 525
756778 123892 470
648341 751806 442
87162 609805 470
488468 906998 525
755465 182905 470
276975 96824 443
5173 922800 525
522251 839603 525
633398 886631 525
799906 642496 468
850156 953118 476
570203 39323 470
434665 532081 470
870958 68596 525
798970 452454 470
498538 208796 449
848874 411065 525
421375 458310 418
656853 121065 470
989950 270412 525
534423 447798 470
454148 776989 470
551585 724627 447
667230 197036 470
885441 293533 525
581265 693564 447
238293 276155 407
834990 743220 468
180021 105120 383
768546 377830 470
693804 879632 525
813588 1561 470
806517 799943 406
680026 454397 470
499914 63333 449
892707 65863 525
818635 879184 525
209588 619868 470
390304 582277 470
813598 173809 470
451152 335430 449
946950 370498 525
247558 404548 441
528978 417991 470
600405 473860 470
680335 432966 470
728242 967281 525
105695 566526 470
344352 269571 389
696837 701782 411
283112 416390 449
228065 449509 449
260171 403615 441
486475 514059 470
104717 193275 383
506082 290921 449
758045 750483 424
166765 433535 449
376123 993831 525
219903 759245 470
250844 595662 470
830655 714785 468
509110 225645 449
918009 485128 525
672061 748328 442
157751 348925 443
571879 668678 447
888042 249211 525
267879 159392 443
879292 55520 525
931923 221411 525
399748 904129 525
577581 283829 470
672294 726281 442
490313 710011 470
810008 319877 470
543015 627101 452
356734 10966 443
775898 27425 470
435998 654221 470
751232 176300 470
625677 753025 442
461934 885709 525
840453 178440 525
432459 442449 400
128267 243858 443
992572 544596 525
915830 959980 476
798557 505113 470
853271 717370 525
244141 566383 470
375609 51862 443
901389 368318 525
710299 54233 470
71981 701573 470
758927 604253 447
594941 592437 328
278587 423070 449
542531 623375 452
661124 166558 470
631547 852097 525
709276 693148 411
869532 486971 525
597746 825482 468
499081 232073 449
845326 559260 525
827866 904773 525
760618 183866 470
305842 246719 407
559293 885692 525
318466 71254 443
988937 419828 525
862506 36724 525
354843 422707 449
389250 267418 441
206060 330067 443
536444 375635 470
597349 215845 470
422274 869128 525
617095 27758 470
156832 17847 383
528754 865937 525
438481 729900 470
183440 624275 470
954888 716029 525
62734 696333 470
548757 663172 447
398427 822849 470
61588 162038 383
99520 735214 470
214925 26504 383
600728 210788 470
145283 638013 470
852450 364584 525
653234 899867 525
743902 54080 470
238888 604987 470
419532 230274 449
308343 54044 443
430090 807996 470
618620 411008 470
486854 318353 449
520529 878609 525
533516 234172 470
649560 218920 470
66008 984041 525
553621 80165 470
655720 917491 525
544051 265067 470
472999 526328 470
253809 877534 525
524378 185021 470
620279 89364 470
580820 965902 525
72095 746869 470
521777 278116 470
122109 769206 470
410621 685529 470
782235 993533 525
241848 896746 525
874418 806411 525
380321 643812 470
219700 327910 443
408228 797697 470
240431 871632 525
790594 470612 470
827121 718162 468
184064 757672 470
664095 438246 470
586145 792932 468
881686 328297 525
976527 139916 525
190828 708262 470
712634 227154 470
924734 307118 525
78084 136890 354
766917 292257 470
556293 477342 470
98877 277751 443
222442 364103 443
501226 248703 449
385518 111340 443
58163 786764 470
920137 47472 525
998139 836472 525
398673 945813 525
911112 103031 525
491896 418096 444
782357 756376 468
107236 379759 443
918345 771028 525
373109 962564 525
550096 209558 470
310742 95565 443
275543 208156 443
657481 747337 442
219027 324999 443
901567 853350 432
163273 267265 443
497766 10400 449
842778 937184 476
53550 881935 525
367952 562914 470
768540 590230 468
5685 359675 443
943225 714816 525
230142 697507 470
872950 4672 525
98872 304102 443
521340 295843 470
930958 846317 476
143321 432339 449
354491 435109 449
71329 86977 351
400757 581507 470
408135 636685 470
10764 97812 351
843217 301455 525
554280 386735 470
921605 556932 525
566849 597242 434
340568 792095 470
478183 183009 449
284705 932623 525
552062 690632 447
706112 553117 447
376977 143326 443
167501 322082 443
101120 401823 443
708701 438863 470
450793 109002 449
486441 770835 470
445165 53600 449
980560 384924 525
652606 702341 442
559754 145760 470
334661 98703 443
29858 249907 443
455820 12617 449
654285 979579 525
15246 180217 383
266547 667084 470
257530 615365 470
391700 277415 441
592969 836386 468
551606 415329 470
382150 508519 449
274036 501169 449
551983 456744 470
567441 322146 470
808986 172842 470
582317 952929 525
676787 62100 470
308828 917422 525
693969 467518 470
314756 538488 470
875352 105383 525
884833 433645 525
128683 650545 470
349774 825387 470
349464 32557 443
319344 836050 470
755947 652828 442
271009 296634 389
532687 458811 470
175403 488145 449
144934 326361 443
778766 700128 468
13627 31193 308
589467 31918 470
970841 770243 525
400996 903832 525
33719 75882 340
299508 990098 525
370940 967929 525
91802 227820 386
498552 950761 525
342017 721802 470
840919 52940 525
196396 666481 470
328498 644247 470
325202 423311 449
616730 532848 452
579138 844874 525
324539 825385 470
77949 219705 386
313594 463490 449
208794 353429 443
610185 788565 468
124945 621494 470
389131 867738 525
699361 455108 470
59296 944040 525
131078 354214 443
697904 774848 468
954549 650840 525
165252 72142 383
148548 465041 449
105214 145405 375
879472 638079 525
55034 851149 525
894885 266900 525
195557 76578 383
509111 205572 449
281875 221699 443
351093 397896 436
613756 651432 447
511639 213287 449
777650 952023 525
785286 936008 525
124790 26206 354
542395 380355 470
362081 455593 449
534563 894722 525
894977 344443 525
254733 838993 525
616967 279686 470
230119 223360 368
880130 243328 525
373748 786112 470
291509 483287 449
189525 431167 449
332478 686606 470
261260 272299 407
260664 890943 525
655559 9970 470
600871 125456 470
433171 52928 449
471664 436040 444
353959 229142 443
784254 358321 470
991449 859560 476
451602 320814 449
604371 236961 470
546313 797973 468
458678 144761 449
809409 378662 470
416336 765397 470
761383 7936 470
644502 4831 470
597326 881816 525
549219 748400 447
945418 828764 525
309130 873411 525
361390 685460 470
594984 286102 470
290377 405441 441
88560 390484 443
311222 518638 470
767017 80336 470
437125 393684 449
570685 652564 447
951129 571026 525
809630 476730 470
323807 761983 470
3599 105821 351
851443 964315 476
649665 359900 470
285902 940146 525
654450 747615 442
610610 475152 470
851173 237808 525
132585 163195 383
991093 258980 525
635036 447472 470
597872 937252 525
140316 331026 443
799073 152970 470
288893 508532 449
386059 136792 443
900206 245306 525
286802 515595 470
608883 724202 447
914150 429610 525
630672 534328 452
435688 234961 449
78773 589658 470
433531 814194 470
586450 14796 470
139963 644446 470
316234 949275 525
688402 146083 470
944953 781123 525
568403 244380 470
413826 439882 418
297097 977393 525
562785 464651 470
494928 483308 426
431338 325333 449
398964 304342 441
442950 769300 470
617924 188108 470
219520 796500 470
49090 217432 386
993805 930563 458
854698 546232 525
958698 970832 458
833146 20630 470
939545 265697 525
98828 636856 470
997366 432182 525
524293 174820 470
283497 364372 441
319417 717396 470
303907 935654 525
902940 364445 525
45595 812335 470
315324 407624 441
43987 420050 449
451302 763432 470
255780 637053 470
513999 486272 470
177976 764096 470
516210 668282 452
574942 322027 470
127215 567132 470
773185 554877 468
786540 365862 470
390180 846800 525
244559 257422 363
938235 685766 525
887910 885737 401
469449 853386 525
633071 844035 525
110548 686912 470
153929 325482 443
714478 451122 470
49167 437040 449
790350 411804 470
724838 262126 470
283405 272907 389
469856 778480 470
207832 727721 470
970099 66508 525
339662 872078 525
593807 741688 447
717904 131083 470
732363 548043 447
117919 981403 525
840549 181112 525
932896 483925 525
370600 586271 470
404204 359734 436
569934 430973 470
632166 819606 468
772874 831101 468
634180 517971 452
663771 9055 470
575106 262491 470
891921 719575 525
362487 445103 449
154286 363079 443
60790 395551 443
922499 279675 525
230749 942552 525
518810 164244 470
641901 322076 470
589789 7173 470
370109 398400 436
542107 520190 408
808036 378817 470
528765 78986 470
930892 694590 525
421142 786197 470
253473 794147 470
104027 80866 341
414159 311157 449
966239 170222 525
980669 500377 525
681367 659630 398
919910 2571 525
261870 442424 449
165488 926795 525
861684 908820 432
757085 985806 525
976114 164339 525
413626 260874 449
88182 106090 341
497639 856262 525
305676 221917 443
847510 498528 525
34116 280554 443
786067 917790 525
399709 875156 525
579614 244577 470
124981 682640 470
200587 964618 525
649297 698575 442
125354 739847 470
175642 601465 470
401200 159749 443
691577 176525 470
309733 688671 470
596703 95790 470
21019 335625 443
